<?xml version="1.0" encoding="UTF-8"?>
<testng-results ignored="0" total="3" passed="3" failed="0" skipped="0">
  <reporter-output>
  </reporter-output>
  <suite started-at="2024-09-09T16:17:53 CDT" name="GradleTestAutomationFramework" finished-at="2024-09-09T16:18:13 CDT" duration-ms="19246">
    <groups>
    </groups>
    <test started-at="2024-09-09T16:17:53 CDT" name="Login Page Test" finished-at="2024-09-09T16:18:13 CDT" duration-ms="19246">
      <class name="tests.LoginPageTest">
        <test-method is-config="true" signature="setUp()[pri:0, instance:tests.LoginPageTest@77e6081a]" started-at="2024-09-09T16:17:53 CDT" name="setUp" finished-at="2024-09-09T16:18:02 CDT" duration-ms="8610" status="PASS">
          <reporter-output>
          </reporter-output>
        </test-method> <!-- setUp -->
        <test-method signature="isLoginPageDisplayed()[pri:0, instance:tests.LoginPageTest@77e6081a]" started-at="2024-09-09T16:18:02 CDT" name="isLoginPageDisplayed" finished-at="2024-09-09T16:18:02 CDT" duration-ms="100" status="PASS">
          <reporter-output>
          </reporter-output>
        </test-method> <!-- isLoginPageDisplayed -->
        <test-method is-config="true" signature="tearDown()[pri:0, instance:tests.LoginPageTest@77e6081a]" started-at="2024-09-09T16:18:02 CDT" name="tearDown" finished-at="2024-09-09T16:18:02 CDT" duration-ms="269" status="PASS">
          <reporter-output>
          </reporter-output>
        </test-method> <!-- tearDown -->
        <test-method is-config="true" signature="setUp()[pri:0, instance:tests.LoginPageTest@77e6081a]" started-at="2024-09-09T16:18:02 CDT" name="setUp" finished-at="2024-09-09T16:18:06 CDT" duration-ms="4124" status="PASS">
          <reporter-output>
          </reporter-output>
        </test-method> <!-- setUp -->
        <test-method signature="loginToHomepage()[pri:0, instance:tests.LoginPageTest@77e6081a]" started-at="2024-09-09T16:18:06 CDT" name="loginToHomepage" finished-at="2024-09-09T16:18:07 CDT" duration-ms="533" status="PASS">
          <reporter-output>
          </reporter-output>
        </test-method> <!-- loginToHomepage -->
        <test-method is-config="true" signature="tearDown()[pri:0, instance:tests.LoginPageTest@77e6081a]" started-at="2024-09-09T16:18:07 CDT" name="tearDown" finished-at="2024-09-09T16:18:07 CDT" duration-ms="243" status="PASS">
          <reporter-output>
          </reporter-output>
        </test-method> <!-- tearDown -->
        <test-method is-config="true" signature="setUp()[pri:0, instance:tests.LoginPageTest@77e6081a]" started-at="2024-09-09T16:18:07 CDT" name="setUp" finished-at="2024-09-09T16:18:12 CDT" duration-ms="4345" status="PASS">
          <reporter-output>
          </reporter-output>
        </test-method> <!-- setUp -->
        <test-method signature="verifyProductCount()[pri:0, instance:tests.LoginPageTest@77e6081a]" started-at="2024-09-09T16:18:12 CDT" name="verifyProductCount" finished-at="2024-09-09T16:18:12 CDT" duration-ms="682" status="PASS">
          <reporter-output>
          </reporter-output>
        </test-method> <!-- verifyProductCount -->
        <test-method is-config="true" signature="tearDown()[pri:0, instance:tests.LoginPageTest@77e6081a]" started-at="2024-09-09T16:18:12 CDT" name="tearDown" finished-at="2024-09-09T16:18:13 CDT" duration-ms="312" status="PASS">
          <reporter-output>
          </reporter-output>
        </test-method> <!-- tearDown -->
      </class> <!-- tests.LoginPageTest -->
    </test> <!-- Login Page Test -->
  </suite> <!-- GradleTestAutomationFramework -->
</testng-results>
