<?xml version="1.0" encoding="UTF-8"?>
<!-- Generated by org.testng.reporters.JUnitXMLReporter -->
<testsuite ignored="0" hostname="DESKTOP-DGUA4DA" failures="0" tests="3" name="Login Page Test" time="19.246" errors="0" timestamp="2024-09-09T16:18:13 CDT">
  <testcase classname="tests.LoginPageTest" name="isLoginPageDisplayed" time="0.1"/>
  <testcase classname="tests.LoginPageTest" name="loginToHomepage" time="0.533"/>
  <testcase classname="tests.LoginPageTest" name="verifyProductCount" time="0.682"/>
</testsuite> <!-- Login Page Test -->
