<?xml version="1.0" encoding="UTF-8"?>
<!-- Generated by org.testng.reporters.JUnitXMLReporter -->
<testsuite ignored="0" hostname="DESKTOP-DGUA4DA" failures="0" tests="3" name="Login Page Test" time="20.074" errors="0" timestamp="2024-09-10T10:13:00 CDT">
  <testcase classname="tests.LoginPageTest" name="isLoginPageDisplayed" time="0.078"/>
  <testcase classname="tests.LoginPageTest" name="loginToHomepage" time="0.356"/>
  <testcase classname="tests.LoginPageTest" name="verifyProductCount" time="0.581"/>
</testsuite> <!-- Login Page Test -->
